<?xml version="1.0" encoding="UTF-8"?>
<!-- Generated by org.testng.reporters.JUnitReportReporter -->
<testsuite hostname="DESKTOP-0D08GUK" failures="0" tests="1" name="jewellery.TC_DWS_005_Test" time="5.003" errors="0" timestamp="2025-05-12T16:01:10 IST" skipped="0">
  <testcase classname="jewellery.TC_DWS_005_Test" name="clickonJewellery" time="5.003"/>
  <system-out>
    <![CDATA[Jewellery page is displayed]]>
  </system-out>
</testsuite> <!-- jewellery.TC_DWS_005_Test -->
