<?xml version="1.0" encoding="UTF-8"?>
<!-- Generated by org.testng.reporters.JUnitReportReporter -->
<testsuite hostname="DESKTOP-0D08GUK" failures="0" tests="1" name="electronics.TC_DSW_003_Test" time="4.547" errors="0" timestamp="2025-05-12T10:08:00 IST" skipped="0">
  <testcase classname="electronics.TC_DSW_003_Test" name="clickonElectronics" time="4.547"/>
  <system-out>
    <![CDATA[Electronics page is displayed]]>
  </system-out>
</testsuite> <!-- electronics.TC_DSW_003_Test -->
