<?xml version="1.0" encoding="UTF-8"?>
<!-- Generated by org.testng.reporters.JUnitReportReporter -->
<testsuite hostname="DESKTOP-0D08GUK" failures="0" tests="1" name="giftcards.TC_DWS_004_Test" time="11.164" errors="0" timestamp="2025-05-12T15:58:13 IST" skipped="0">
  <testcase classname="giftcards.TC_DWS_004_Test" name="clickonGiftcards" time="11.164"/>
  <system-out>
    <![CDATA[Giftcard is displayed]]>
  </system-out>
</testsuite> <!-- giftcards.TC_DWS_004_Test -->
