<?xml version="1.0" encoding="UTF-8"?>
<!-- Generated by org.testng.reporters.JUnitReportReporter -->
<testsuite hostname="DESKTOP-0D08GUK" failures="0" tests="1" name="computers.TC_DWS_002_Test" time="4.574" errors="0" timestamp="2025-05-12T10:03:43 IST" skipped="0">
  <testcase classname="computers.TC_DWS_002_Test" name="clickonComputers" time="4.574"/>
  <system-out>
    <![CDATA[Computers page is displayed]]>
  </system-out>
</testsuite> <!-- computers.TC_DWS_002_Test -->
